kotlin version: 2.0.21
error message: org.jetbrains.kotlin.backend.common.BackendException: Backend Internal error: Exception during IR lowering
File being compiled: D:/Ankit/office idea & work/MyApplication/app/src/main/java/com/theankitparmar/adsmanager/testApp/MainActivity.kt
The root cause java.lang.RuntimeException was thrown at: org.jetbrains.kotlin.backend.jvm.codegen.FunctionCodegen.generate(FunctionCodegen.kt:47)
	at org.jetbrains.kotlin.backend.common.CodegenUtil.reportBackendException(CodegenUtil.kt:253)
	at org.jetbrains.kotlin.backend.common.CodegenUtil.reportBackendException$default(CodegenUtil.kt:236)
	at org.jetbrains.kotlin.backend.common.phaser.PerformByIrFilePhase.invokeSequential(performByIrFile.kt:65)
	at org.jetbrains.kotlin.backend.common.phaser.PerformByIrFilePhase.invoke(performByIrFile.kt:52)
	at org.jetbrains.kotlin.backend.common.phaser.PerformByIrFilePhase.invoke(performByIrFile.kt:38)
	at org.jetbrains.kotlin.backend.common.phaser.NamedCompilerPhase.phaseBody(CompilerPhase.kt:166)
	at org.jetbrains.kotlin.backend.common.phaser.AbstractNamedCompilerPhase.invoke(CompilerPhase.kt:113)
	at org.jetbrains.kotlin.backend.common.phaser.CompositePhase.invoke(PhaseBuilders.kt:27)
	at org.jetbrains.kotlin.backend.common.phaser.CompositePhase.invoke(PhaseBuilders.kt:14)
	at org.jetbrains.kotlin.backend.common.phaser.NamedCompilerPhase.phaseBody(CompilerPhase.kt:166)
	at org.jetbrains.kotlin.backend.common.phaser.AbstractNamedCompilerPhase.invoke(CompilerPhase.kt:113)
	at org.jetbrains.kotlin.backend.common.phaser.CompilerPhaseKt.invokeToplevel(CompilerPhase.kt:62)
	at org.jetbrains.kotlin.backend.jvm.JvmIrCodegenFactory.invokeCodegen(JvmIrCodegenFactory.kt:371)
	at org.jetbrains.kotlin.codegen.CodegenFactory.generateModule(CodegenFactory.kt:47)
	at org.jetbrains.kotlin.backend.jvm.JvmIrCodegenFactory.generateModuleInFrontendIRMode(JvmIrCodegenFactory.kt:433)
	at org.jetbrains.kotlin.cli.jvm.compiler.pipeline.JvmCompilerPipelineKt.generateCodeFromIr(jvmCompilerPipeline.kt:246)
	at org.jetbrains.kotlin.cli.jvm.compiler.pipeline.JvmCompilerPipelineKt.compileModulesUsingFrontendIrAndLightTree(jvmCompilerPipeline.kt:142)
	at org.jetbrains.kotlin.cli.jvm.K2JVMCompiler.doExecute(K2JVMCompiler.kt:148)
	at org.jetbrains.kotlin.cli.jvm.K2JVMCompiler.doExecute(K2JVMCompiler.kt:43)
	at org.jetbrains.kotlin.cli.common.CLICompiler.execImpl(CLICompiler.kt:103)
	at org.jetbrains.kotlin.cli.common.CLICompiler.execImpl(CLICompiler.kt:49)
	at org.jetbrains.kotlin.cli.common.CLITool.exec(CLITool.kt:101)
	at org.jetbrains.kotlin.incremental.IncrementalJvmCompilerRunner.runCompiler(IncrementalJvmCompilerRunner.kt:464)
	at org.jetbrains.kotlin.incremental.IncrementalJvmCompilerRunner.runCompiler(IncrementalJvmCompilerRunner.kt:73)
	at org.jetbrains.kotlin.incremental.IncrementalCompilerRunner.doCompile(IncrementalCompilerRunner.kt:506)
	at org.jetbrains.kotlin.incremental.IncrementalCompilerRunner.compileImpl(IncrementalCompilerRunner.kt:423)
	at org.jetbrains.kotlin.incremental.IncrementalCompilerRunner.tryCompileIncrementally$lambda$9$compile(IncrementalCompilerRunner.kt:249)
	at org.jetbrains.kotlin.incremental.IncrementalCompilerRunner.tryCompileIncrementally(IncrementalCompilerRunner.kt:267)
	at org.jetbrains.kotlin.incremental.IncrementalCompilerRunner.compile(IncrementalCompilerRunner.kt:120)
	at org.jetbrains.kotlin.daemon.CompileServiceImplBase.execIncrementalCompiler(CompileServiceImpl.kt:675)
	at org.jetbrains.kotlin.daemon.CompileServiceImplBase.access$execIncrementalCompiler(CompileServiceImpl.kt:92)
	at org.jetbrains.kotlin.daemon.CompileServiceImpl.compile(CompileServiceImpl.kt:1660)
	at java.base/jdk.internal.reflect.DirectMethodHandleAccessor.invoke(Unknown Source)
	at java.base/java.lang.reflect.Method.invoke(Unknown Source)
	at java.rmi/sun.rmi.server.UnicastServerRef.dispatch(Unknown Source)
	at java.rmi/sun.rmi.transport.Transport$1.run(Unknown Source)
	at java.rmi/sun.rmi.transport.Transport$1.run(Unknown Source)
	at java.base/java.security.AccessController.doPrivileged(Unknown Source)
	at java.rmi/sun.rmi.transport.Transport.serviceCall(Unknown Source)
	at java.rmi/sun.rmi.transport.tcp.TCPTransport.handleMessages(Unknown Source)
	at java.rmi/sun.rmi.transport.tcp.TCPTransport$ConnectionHandler.run0(Unknown Source)
	at java.rmi/sun.rmi.transport.tcp.TCPTransport$ConnectionHandler.lambda$run$0(Unknown Source)
	at java.base/java.security.AccessController.doPrivileged(Unknown Source)
	at java.rmi/sun.rmi.transport.tcp.TCPTransport$ConnectionHandler.run(Unknown Source)
	at java.base/java.util.concurrent.ThreadPoolExecutor.runWorker(Unknown Source)
	at java.base/java.util.concurrent.ThreadPoolExecutor$Worker.run(Unknown Source)
	at java.base/java.lang.Thread.run(Unknown Source)
Caused by: java.lang.RuntimeException: Exception while generating code for:
FUN name:clearAllAds visibility:private modality:FINAL <> ($this:com.theankitparmar.adsmanager.testApp.MainActivity) returnType:kotlin.Unit
  $this: VALUE_PARAMETER name:<this> type:com.theankitparmar.adsmanager.testApp.MainActivity
  BLOCK_BODY
    VAR name:bannerContainer type:@[FlexibleNullability] android.widget.LinearLayout? [val]
      CALL 'public open fun findViewById <T> (p0: kotlin.Int): @[FlexibleNullability] T of com.theankitparmar.adsmanager.testApp.MainActivity.findViewById? [fake_override] declared in com.theankitparmar.adsmanager.testApp.MainActivity' type=@[FlexibleNullability] android.widget.LinearLayout? origin=null
        <T>: @[FlexibleNullability] android.widget.LinearLayout?
        $this: GET_VAR '<this>: com.theankitparmar.adsmanager.testApp.MainActivity declared in com.theankitparmar.adsmanager.testApp.MainActivity.clearAllAds' type=com.theankitparmar.adsmanager.testApp.MainActivity origin=null
        p0: GET_FIELD 'FIELD IR_EXTERNAL_JAVA_DECLARATION_STUB name:banner_ad_container type:kotlin.Int visibility:public [static] declared in com.theankitparmar.adsmanager.testApp.R.id' type=kotlin.Int superQualifierSymbol=com.theankitparmar.adsmanager.testApp.R.id origin=null
    VAR name:nativeContainer type:@[FlexibleNullability] android.widget.LinearLayout? [val]
      CALL 'public open fun findViewById <T> (p0: kotlin.Int): @[FlexibleNullability] T of com.theankitparmar.adsmanager.testApp.MainActivity.findViewById? [fake_override] declared in com.theankitparmar.adsmanager.testApp.MainActivity' type=@[FlexibleNullability] android.widget.LinearLayout? origin=null
        <T>: @[FlexibleNullability] android.widget.LinearLayout?
        $this: GET_VAR '<this>: com.theankitparmar.adsmanager.testApp.MainActivity declared in com.theankitparmar.adsmanager.testApp.MainActivity.clearAllAds' type=com.theankitparmar.adsmanager.testApp.MainActivity origin=null
        p0: GET_FIELD 'FIELD IR_EXTERNAL_JAVA_DECLARATION_STUB name:native_ad_container type:kotlin.Int visibility:public [static] declared in com.theankitparmar.adsmanager.testApp.R.id' type=kotlin.Int superQualifierSymbol=com.theankitparmar.adsmanager.testApp.R.id origin=null
    CALL 'public open fun removeAllViews (): kotlin.Unit [fake_override] declared in android.widget.LinearLayout' type=kotlin.Unit origin=null
      $this: GET_VAR 'val bannerContainer: @[FlexibleNullability] android.widget.LinearLayout? [val] declared in com.theankitparmar.adsmanager.testApp.MainActivity.clearAllAds' type=@[FlexibleNullability] android.widget.LinearLayout? origin=null
    CALL 'public open fun removeAllViews (): kotlin.Unit [fake_override] declared in android.widget.LinearLayout' type=kotlin.Unit origin=null
      $this: GET_VAR 'val nativeContainer: @[FlexibleNullability] android.widget.LinearLayout? [val] declared in com.theankitparmar.adsmanager.testApp.MainActivity.clearAllAds' type=@[FlexibleNullability] android.widget.LinearLayout? origin=null
    VAR name:bannerPlaceholder type:android.widget.TextView [val]
      CALL 'public final fun apply <T> (block: @[ExtensionFunctionType] kotlin.Function1<T of kotlin.StandardKt.apply, kotlin.Unit>): T of kotlin.StandardKt.apply [inline] declared in kotlin.StandardKt' type=android.widget.TextView origin=null
        <T>: android.widget.TextView
        $receiver: CONSTRUCTOR_CALL 'public constructor <init> (p0: @[FlexibleNullability] android.content.Context?) declared in android.widget.TextView' type=android.widget.TextView origin=null
          p0: GET_VAR '<this>: com.theankitparmar.adsmanager.testApp.MainActivity declared in com.theankitparmar.adsmanager.testApp.MainActivity.clearAllAds' type=com.theankitparmar.adsmanager.testApp.MainActivity origin=null
        block: BLOCK type=@[ExtensionFunctionType] kotlin.Function1<android.widget.TextView, kotlin.Unit> origin=LAMBDA
          COMPOSITE type=kotlin.Unit origin=null
          FUNCTION_REFERENCE 'private final fun clearAllAds$lambda$24 (): kotlin.Unit declared in com.theankitparmar.adsmanager.testApp.MainActivity' type=@[ExtensionFunctionType] kotlin.Function1<android.widget.TextView, kotlin.Unit> origin=INLINE_LAMBDA reflectionTarget=null
    CALL 'public open fun addView (p0: @[FlexibleNullability] android.view.View?): kotlin.Unit [fake_override] declared in android.widget.LinearLayout' type=kotlin.Unit origin=null
      $this: GET_VAR 'val bannerContainer: @[FlexibleNullability] android.widget.LinearLayout? [val] declared in com.theankitparmar.adsmanager.testApp.MainActivity.clearAllAds' type=@[FlexibleNullability] android.widget.LinearLayout? origin=null
      p0: GET_VAR 'val bannerPlaceholder: android.widget.TextView [val] declared in com.theankitparmar.adsmanager.testApp.MainActivity.clearAllAds' type=android.widget.TextView origin=null
    VAR name:nativePlaceholder type:android.widget.TextView [val]
      CALL 'public final fun apply <T> (block: @[ExtensionFunctionType] kotlin.Function1<T of kotlin.StandardKt.apply, kotlin.Unit>): T of kotlin.StandardKt.apply [inline] declared in kotlin.StandardKt' type=android.widget.TextView origin=null
        <T>: android.widget.TextView
        $receiver: CONSTRUCTOR_CALL 'public constructor <init> (p0: @[FlexibleNullability] android.content.Context?) declared in android.widget.TextView' type=android.widget.TextView origin=null
          p0: GET_VAR '<this>: com.theankitparmar.adsmanager.testApp.MainActivity declared in com.theankitparmar.adsmanager.testApp.MainActivity.clearAllAds' type=com.theankitparmar.adsmanager.testApp.MainActivity origin=null
        block: BLOCK type=@[ExtensionFunctionType] kotlin.Function1<android.widget.TextView, kotlin.Unit> origin=LAMBDA
          COMPOSITE type=kotlin.Unit origin=null
          FUNCTION_REFERENCE 'private final fun clearAllAds$lambda$25 (): kotlin.Unit declared in com.theankitparmar.adsmanager.testApp.MainActivity' type=@[ExtensionFunctionType] kotlin.Function1<android.widget.TextView, kotlin.Unit> origin=INLINE_LAMBDA reflectionTarget=null
    CALL 'public open fun addView (p0: @[FlexibleNullability] android.view.View?): kotlin.Unit [fake_override] declared in android.widget.LinearLayout' type=kotlin.Unit origin=null
      $this: GET_VAR 'val nativeContainer: @[FlexibleNullability] android.widget.LinearLayout? [val] declared in com.theankitparmar.adsmanager.testApp.MainActivity.clearAllAds' type=@[FlexibleNullability] android.widget.LinearLayout? origin=null
      p0: GET_VAR 'val nativePlaceholder: android.widget.TextView [val] declared in com.theankitparmar.adsmanager.testApp.MainActivity.clearAllAds' type=android.widget.TextView origin=null
    CALL 'public final fun destroyAds (): kotlin.Unit declared in com.theankitparmar.adsmanager.utils.AdHelper' type=kotlin.Unit origin=null
      $this: GET_FIELD 'FIELD FIELD_FOR_OBJECT_INSTANCE name:INSTANCE type:com.theankitparmar.adsmanager.utils.AdHelper visibility:public [final,static] declared in com.theankitparmar.adsmanager.utils.AdHelper' type=com.theankitparmar.adsmanager.utils.AdHelper origin=null
    CALL 'public open fun show (): kotlin.Unit declared in android.widget.Toast' type=kotlin.Unit origin=null
      $this: CALL 'public open fun makeText (p0: @[FlexibleNullability] android.content.Context?, p1: @[FlexibleNullability] kotlin.CharSequence?, p2: kotlin.Int): @[FlexibleNullability] android.widget.Toast? declared in android.widget.Toast' type=@[FlexibleNullability] android.widget.Toast? origin=null
        p0: GET_VAR '<this>: com.theankitparmar.adsmanager.testApp.MainActivity declared in com.theankitparmar.adsmanager.testApp.MainActivity.clearAllAds' type=com.theankitparmar.adsmanager.testApp.MainActivity origin=null
        p1: CONST String type=kotlin.String value="All ads cleared"
        p2: CONST Int type=kotlin.Int value=0
    CALL 'private final fun updateStatus (message: kotlin.String): kotlin.Unit declared in com.theankitparmar.adsmanager.testApp.MainActivity' type=kotlin.Unit origin=null
      $this: GET_VAR '<this>: com.theankitparmar.adsmanager.testApp.MainActivity declared in com.theankitparmar.adsmanager.testApp.MainActivity.clearAllAds' type=com.theankitparmar.adsmanager.testApp.MainActivity origin=null
      message: CONST String type=kotlin.String value="All ads cleared"

	at org.jetbrains.kotlin.backend.jvm.codegen.FunctionCodegen.generate(FunctionCodegen.kt:47)
	at org.jetbrains.kotlin.backend.jvm.codegen.FunctionCodegen.generate$default(FunctionCodegen.kt:40)
	at org.jetbrains.kotlin.backend.jvm.codegen.ClassCodegen.generateMethodNode(ClassCodegen.kt:406)
	at org.jetbrains.kotlin.backend.jvm.codegen.ClassCodegen.generateMethod(ClassCodegen.kt:423)
	at org.jetbrains.kotlin.backend.jvm.codegen.ClassCodegen.generate(ClassCodegen.kt:168)
	at org.jetbrains.kotlin.backend.jvm.FileCodegen.lower(JvmPhases.kt:39)
	at org.jetbrains.kotlin.backend.common.phaser.PhaseFactoriesKt.createFilePhase$lambda$4(PhaseFactories.kt:71)
	at org.jetbrains.kotlin.backend.common.phaser.PhaseBuildersKt$createSimpleNamedCompilerPhase$1.phaseBody(PhaseBuilders.kt:69)
	at org.jetbrains.kotlin.backend.common.phaser.SimpleNamedCompilerPhase.phaseBody(CompilerPhase.kt:226)
	at org.jetbrains.kotlin.backend.common.phaser.AbstractNamedCompilerPhase.invoke(CompilerPhase.kt:113)
	at org.jetbrains.kotlin.backend.common.phaser.PerformByIrFilePhase.invokeSequential(performByIrFile.kt:62)
	... 44 more
Caused by: java.lang.RuntimeException: Exception while generating code for:
FUN INLINE_LAMBDA name:clearAllAds$lambda$24 visibility:private modality:FINAL <> ($receiver:android.widget.TextView) returnType:kotlin.Unit
  $receiver: VALUE_PARAMETER name:$this$apply type:android.widget.TextView
  BLOCK_BODY
    VAR name:$i$a$-apply-MainActivity$clearAllAds$bannerPlaceholder$1 type:kotlin.Int [val]
      CONST Int type=kotlin.Int value=0
    CALL 'public final fun setText (p0: @[FlexibleNullability] kotlin.CharSequence?): kotlin.Unit declared in android.widget.TextView' type=kotlin.Unit origin=EQ
      $this: GET_VAR '$this$apply: android.widget.TextView declared in com.theankitparmar.adsmanager.testApp.MainActivity.clearAllAds$lambda$24' type=android.widget.TextView origin=null
      p0: CONST String type=kotlin.String value="Banner Ad will appear here"
    CALL 'public open fun setTextColor (p0: kotlin.Int): kotlin.Unit declared in android.widget.TextView' type=kotlin.Unit origin=null
      $this: GET_VAR '$this$apply: android.widget.TextView declared in com.theankitparmar.adsmanager.testApp.MainActivity.clearAllAds$lambda$24' type=android.widget.TextView origin=null
      p0: CONST Int type=kotlin.Int value=-1
    SET_FIELD 'FIELD IR_EXTERNAL_JAVA_DECLARATION_STUB name:textStyle type:kotlin.Int visibility:public [final,static] declared in android.R.attr' type=kotlin.Unit superQualifierSymbol=android.R.attr origin=EQ
      value: CONST Int type=kotlin.Int value=2

	at org.jetbrains.kotlin.backend.jvm.codegen.FunctionCodegen.generate(FunctionCodegen.kt:47)
	at org.jetbrains.kotlin.backend.jvm.codegen.IrSourceCompilerForInline.generateLambdaBody(IrSourceCompilerForInline.kt:67)
	at org.jetbrains.kotlin.codegen.inline.ExpressionLambda.generateLambdaBody(LambdaInfo.kt:72)
	at org.jetbrains.kotlin.backend.jvm.codegen.IrInlineCodegen.genValueAndPut(IrInlineCodegen.kt:100)
	at org.jetbrains.kotlin.backend.jvm.codegen.ExpressionCodegen.visitCall$handleParameter(ExpressionCodegen.kt:616)
	at org.jetbrains.kotlin.backend.jvm.codegen.ExpressionCodegen.visitCall(ExpressionCodegen.kt:644)
	at org.jetbrains.kotlin.backend.jvm.codegen.ExpressionCodegen.visitCall(ExpressionCodegen.kt:138)
	at org.jetbrains.kotlin.ir.expressions.IrCall.accept(IrCall.kt:24)
	at org.jetbrains.kotlin.backend.jvm.codegen.ExpressionCodegen.visitVariable(ExpressionCodegen.kt:790)
	at org.jetbrains.kotlin.backend.jvm.codegen.ExpressionCodegen.visitVariable(ExpressionCodegen.kt:138)
	at org.jetbrains.kotlin.ir.declarations.IrVariable.accept(IrVariable.kt:36)
	at org.jetbrains.kotlin.backend.jvm.codegen.ExpressionCodegen.visitStatementContainer(ExpressionCodegen.kt:579)
	at org.jetbrains.kotlin.backend.jvm.codegen.ExpressionCodegen.visitBlockBody(ExpressionCodegen.kt:584)
	at org.jetbrains.kotlin.backend.jvm.codegen.ExpressionCodegen.visitBlockBody(ExpressionCodegen.kt:138)
	at org.jetbrains.kotlin.ir.expressions.IrBlockBody.accept(IrBlockBody.kt:20)
	at org.jetbrains.kotlin.backend.jvm.codegen.ExpressionCodegen.generate(ExpressionCodegen.kt:240)
	at org.jetbrains.kotlin.backend.jvm.codegen.FunctionCodegen.doGenerate(FunctionCodegen.kt:123)
	at org.jetbrains.kotlin.backend.jvm.codegen.FunctionCodegen.generate(FunctionCodegen.kt:44)
	... 54 more
Caused by: java.lang.AssertionError: access of const val: SET_FIELD 'FIELD IR_EXTERNAL_JAVA_DECLARATION_STUB name:textStyle type:kotlin.Int visibility:public [final,static] declared in android.R.attr' type=kotlin.Unit superQualifierSymbol=android.R.attr origin=EQ
  value: CONST Int type=kotlin.Int value=2

	at org.jetbrains.kotlin.backend.jvm.codegen.ExpressionCodegen.visitFieldAccess(ExpressionCodegen.kt:861)
	at org.jetbrains.kotlin.backend.jvm.codegen.ExpressionCodegen.visitFieldAccess(ExpressionCodegen.kt:138)
	at org.jetbrains.kotlin.ir.visitors.IrElementVisitor$DefaultImpls.visitSetField(IrElementVisitor.kt:206)
	at org.jetbrains.kotlin.backend.jvm.codegen.ExpressionCodegen.visitSetField(ExpressionCodegen.kt:908)
	at org.jetbrains.kotlin.backend.jvm.codegen.ExpressionCodegen.visitSetField(ExpressionCodegen.kt:138)
	at org.jetbrains.kotlin.ir.expressions.IrSetField.accept(IrSetField.kt:21)
	at org.jetbrains.kotlin.backend.jvm.codegen.ExpressionCodegen.visitStatementContainer(ExpressionCodegen.kt:579)
	at org.jetbrains.kotlin.backend.jvm.codegen.ExpressionCodegen.visitBlockBody(ExpressionCodegen.kt:584)
	at org.jetbrains.kotlin.backend.jvm.codegen.ExpressionCodegen.visitBlockBody(ExpressionCodegen.kt:138)
	at org.jetbrains.kotlin.ir.expressions.IrBlockBody.accept(IrBlockBody.kt:20)
	at org.jetbrains.kotlin.backend.jvm.codegen.ExpressionCodegen.generate(ExpressionCodegen.kt:240)
	at org.jetbrains.kotlin.backend.jvm.codegen.FunctionCodegen.doGenerate(FunctionCodegen.kt:123)
	at org.jetbrains.kotlin.backend.jvm.codegen.FunctionCodegen.generate(FunctionCodegen.kt:44)
	... 71 more


